  convolve.c
C:\Users\user\source\repos\ImageProcessing\SRSC\convolve.c(56,7): warning C4013: 'exit'이(가) 정의되지 않았습니다. extern은 int형을 반환하는 것으로 간주합니다.
C:\Users\user\source\repos\ImageProcessing\SRSC\convolve.c(53,12): warning C4996: 'fopen': This function or variable may be unsafe. Consider using fopen_s instead. To disable deprecation, use _CRT_SECURE_NO_WARNINGS. See online help for details.
  Iplib.c
C:\Users\user\source\repos\ImageProcessing\SRSC\Iplib.c(82,28): warning C4244: '=': 'float'에서 'int'(으)로 변환하면서 데이터가 손실될 수 있습니다.
C:\Users\user\source\repos\ImageProcessing\SRSC\Iplib.c(43,12): warning C4996: 'fopen': This function or variable may be unsafe. Consider using fopen_s instead. To disable deprecation, use _CRT_SECURE_NO_WARNINGS. See online help for details.
C:\Users\user\source\repos\ImageProcessing\SRSC\Iplib.c(212,25): warning C4244: '=': 'float'에서 'int'(으)로 변환하면서 데이터가 손실될 수 있습니다.
C:\Users\user\source\repos\ImageProcessing\SRSC\Iplib.c(201,12): warning C4996: 'fopen': This function or variable may be unsafe. Consider using fopen_s instead. To disable deprecation, use _CRT_SECURE_NO_WARNINGS. See online help for details.
C:\Users\user\source\repos\ImageProcessing\SRSC\Iplib.c(285,28): warning C4244: '=': 'float'에서 'unsigned long'(으)로 변환하면서 데이터가 손실될 수 있습니다.
C:\Users\user\source\repos\ImageProcessing\SRSC\Iplib.c(247,12): warning C4996: 'fopen': This function or variable may be unsafe. Consider using fopen_s instead. To disable deprecation, use _CRT_SECURE_NO_WARNINGS. See online help for details.
C:\Users\user\source\repos\ImageProcessing\SRSC\Iplib.c(306,12): warning C4996: 'fopen': This function or variable may be unsafe. Consider using fopen_s instead. To disable deprecation, use _CRT_SECURE_NO_WARNINGS. See online help for details.
  List2_1.c
  LIST2_2.C
C:\Users\user\source\repos\ImageProcessing\SRSC\LIST2_2.C(32,11): warning C4018: '<': signed 또는 unsigned가 일치하지 않습니다.
C:\Users\user\source\repos\ImageProcessing\SRSC\LIST2_2.C(50,41): warning C4244: '=': 'double'에서 'float'(으)로 변환하면서 데이터가 손실될 수 있습니다.
C:\Users\user\source\repos\ImageProcessing\SRSC\LIST2_2.C(54,43): warning C4244: '=': 'double'에서 'unsigned long'(으)로 변환하면서 데이터가 손실될 수 있습니다.
C:\Users\user\source\repos\ImageProcessing\SRSC\LIST2_2.C(59,35): warning C4244: '=': 'unsigned long'에서 'unsigned char'(으)로 변환하면서 데이터가 손실될 수 있습니다.
  LIST3_1.c
C:\Users\user\source\repos\ImageProcessing\SRSC\LIST3_1.c(48,7): warning C4013: 'gets'이(가) 정의되지 않았습니다. extern은 int형을 반환하는 것으로 간주합니다.
C:\Users\user\source\repos\ImageProcessing\SRSC\LIST3_1.c(37,1): warning C4305: '초기화 중': 'double'에서 'float'(으)로 잘립니다.
C:\Users\user\source\repos\ImageProcessing\SRSC\LIST3_1.c(42,3): warning C4996: 'strcpy': This function or variable may be unsafe. Consider using strcpy_s instead. To disable deprecation, use _CRT_SECURE_NO_WARNINGS. See online help for details.
C:\Users\user\source\repos\ImageProcessing\SRSC\LIST3_1.c(43,3): warning C4996: 'strcpy': This function or variable may be unsafe. Consider using strcpy_s instead. To disable deprecation, use _CRT_SECURE_NO_WARNINGS. See online help for details.
C:\Users\user\source\repos\ImageProcessing\SRSC\LIST3_1.c(29,16): warning C4101: 'i' :참조되지 않은 지역 변수입니다.
  makeczp.c
C:\Users\user\source\repos\ImageProcessing\SRSC\makeczp.c(36,48): warning C4244: '=': 'double'에서 'unsigned char'(으)로 변환하면서 데이터가 손실될 수 있습니다.
  코드를 생성하고 있습니다...
  output.vcxproj -> C:\Users\user\source\repos\ImageProcessing\SRSC\Debug\output.exe
